<?xml version="1.0" encoding="UTF-8"?>
<!-- Generated by org.testng.reporters.JUnitReportReporter -->
<testsuite hostname="LAPTOP-HC48UM7D" failures="0" tests="4" name="tests.UserLoginTest" time="1.396" errors="0" timestamp="2022-03-12T12:51:13 EET" skipped="0">
  <testcase classname="tests.UserLoginTest" name="addProductsToCartSuccessfully" time="0.314"/>
  <system-out/>
  <testcase classname="tests.UserLoginTest" name="proceedToCheckoutPageAndPlaceOrder" time="0.695"/>
  <system-out/>
  <testcase classname="tests.UserLoginTest" name="validateOrderPlacedSuccessfully" time="0.085"/>
  <system-out/>
  <testcase classname="tests.UserLoginTest" name="userCanLoginSuccessfully" time="0.302"/>
  <system-out/>
</testsuite> <!-- tests.UserLoginTest -->
