<?xml version="1.0" encoding="UTF-8"?>
<!-- Generated by org.testng.reporters.JUnitReportReporter -->
<testsuite hostname="LAPTOP-HC48UM7D" failures="0" tests="4" name="tests.UserLoginTest" time="1.189" errors="0" timestamp="2022-03-11T23:45:22 EET" skipped="0">
  <testcase classname="tests.UserLoginTest" name="proceedToCheckoutPageAndPlaceOrder" time="0.637"/>
  <system-out/>
  <testcase classname="tests.UserLoginTest" name="addProductsToCartSuccessfully" time="0.216"/>
  <system-out/>
  <testcase classname="tests.UserLoginTest" name="userCanLoginSuccessfully" time="0.256"/>
  <system-out/>
  <testcase classname="tests.UserLoginTest" name="validateOrderPlacedSuccessfully" time="0.080"/>
  <system-out/>
</testsuite> <!-- tests.UserLoginTest -->
