<?xml version="1.0" encoding="UTF-8"?>
<!-- Generated by org.testng.reporters.JUnitReportReporter -->
<testsuite hostname="LAPTOP-HC48UM7D" failures="0" tests="4" name="tests.UserLoginTest" time="1.355" errors="0" timestamp="2022-03-12T12:40:36 EET" skipped="0">
  <testcase classname="tests.UserLoginTest" name="proceedToCheckoutPageAndPlaceOrder" time="0.751"/>
  <system-out/>
  <testcase classname="tests.UserLoginTest" name="addProductsToCartSuccessfully" time="0.244"/>
  <system-out/>
  <testcase classname="tests.UserLoginTest" name="userCanLoginSuccessfully" time="0.283"/>
  <system-out/>
  <testcase classname="tests.UserLoginTest" name="validateOrderPlacedSuccessfully" time="0.077"/>
  <system-out/>
</testsuite> <!-- tests.UserLoginTest -->
